# JRE version: OpenJDK Runtime Environment Temurin-17.0.4.1+1 (17.0.4.1+1) (build 17.0.4.1+1)
# Java VM: OpenJDK 64-Bit Server VM Temurin-17.0.4.1+1 (17.0.4.1+1, mixed mode, emulated-client, tiered, compressed oops, compressed class ptrs, g1 gc, windows-amd64)
GC Precious Log:
 CPUs: 8 total, 8 available
 Memory: 7914M
 Large Page Support: Disabled
 NUMA Support: Disabled
 Compressed Oops: Enabled (32-bit)
 Heap Region Size: 1M
 Heap Min Capacity: 8M
 Heap Initial Capacity: 124M
 Heap Max Capacity: 1980M
 Pre-touch: Disabled
 Parallel Workers: 8
 Concurrent Workers: 2
 Concurrent Refinement Workers: 8
 Periodic GC: Disabled
Heap:
 garbage-first heap   total 354304K, used 118591K [0x0000000084400000, 0x0000000100000000)
  region size 1024K, 11 young (11264K), 11 survivors (11264K)
 Metaspace       used 172664K, committed 177088K, reserved 1204224K
  class space    used 19733K, committed 22144K, reserved 1048576K
GC Heap History (20 events):
Event: 3416.647 GC heap after
{Heap after GC invocations=2704 (full 213):
 garbage-first heap   total 280576K, used 79945K [0x0000000084400000, 0x0000000100000000)
  region size 1024K, 0 young (0K), 0 survivors (0K)
 Metaspace       used 172231K, committed 176704K, reserved 1204224K
  class space    used 19692K, committed 22144K, reserved 1048576K
}
Event: 3418.545 GC heap before
{Heap before GC invocations=2704 (full 213):
 garbage-first heap   total 280576K, used 176201K [0x0000000084400000, 0x0000000100000000)
  region size 1024K, 95 young (97280K), 0 survivors (0K)
 Metaspace       used 172625K, committed 177088K, reserved 1204224K
  class space    used 19731K, committed 22144K, reserved 1048576K
}
Event: 3418.559 GC heap after
{Heap after GC invocations=2705 (full 213):
 garbage-first heap   total 280576K, used 97803K [0x0000000084400000, 0x0000000100000000)
  region size 1024K, 18 young (18432K), 18 survivors (18432K)
 Metaspace       used 172625K, committed 177088K, reserved 1204224K
  class space    used 19731K, committed 22144K, reserved 1048576K
}
Event: 3419.706 GC heap before
{Heap before GC invocations=2706 (full 213):
 garbage-first heap   total 280576K, used 220683K [0x0000000084400000, 0x0000000100000000)
  region size 1024K, 137 young (140288K), 18 survivors (18432K)
 Metaspace       used 172610K, committed 177088K, reserved 1204224K
  class space    used 19728K, committed 22144K, reserved 1048576K
}
Event: 3419.773 GC heap after
{Heap after GC invocations=2707 (full 213):
 garbage-first heap   total 280576K, used 102200K [0x0000000084400000, 0x0000000100000000)
  region size 1024K, 10 young (10240K), 10 survivors (10240K)
 Metaspace       used 172610K, committed 177088K, reserved 1204224K
  class space    used 19728K, committed 22144K, reserved 1048576K
}
Event: 3420.136 GC heap before
{Heap before GC invocations=2707 (full 213):
 garbage-first heap   total 280576K, used 219960K [0x0000000084400000, 0x0000000100000000)
  region size 1024K, 125 young (128000K), 10 survivors (10240K)
 Metaspace       used 172610K, committed 177088K, reserved 1204224K
  class space    used 19728K, committed 22144K, reserved 1048576K
}
Event: 3420.150 GC heap after
{Heap after GC invocations=2708 (full 213):
 garbage-first heap   total 280576K, used 102611K [0x0000000084400000, 0x0000000100000000)
  region size 1024K, 2 young (2048K), 2 survivors (2048K)
 Metaspace       used 172610K, committed 177088K, reserved 1204224K
  class space    used 19728K, committed 22144K, reserved 1048576K
}
Event: 3421.493 GC heap before
{Heap before GC invocations=2708 (full 213):
 garbage-first heap   total 280576K, used 223443K [0x0000000084400000, 0x0000000100000000)
  region size 1024K, 120 young (122880K), 2 survivors (2048K)
 Metaspace       used 172625K, committed 177088K, reserved 1204224K
  class space    used 19731K, committed 22144K, reserved 1048576K
}
Event: 3421.498 GC heap after
{Heap after GC invocations=2709 (full 213):
 garbage-first heap   total 280576K, used 102272K [0x0000000084400000, 0x0000000100000000)
  region size 1024K, 2 young (2048K), 2 survivors (2048K)
 Metaspace       used 172625K, committed 177088K, reserved 1204224K
  class space    used 19731K, committed 22144K, reserved 1048576K
}
Event: 3423.662 GC heap before
{Heap before GC invocations=2709 (full 213):
 garbage-first heap   total 280576K, used 226176K [0x0000000084400000, 0x0000000100000000)
  region size 1024K, 123 young (125952K), 2 survivors (2048K)
 Metaspace       used 172625K, committed 177088K, reserved 1204224K
  class space    used 19731K, committed 22144K, reserved 1048576K
}
Event: 3423.669 GC heap after
{Heap after GC invocations=2710 (full 213):
 garbage-first heap   total 280576K, used 104529K [0x0000000084400000, 0x0000000100000000)
  region size 1024K, 4 young (4096K), 4 survivors (4096K)
 Metaspace       used 172625K, committed 177088K, reserved 1204224K
  class space    used 19731K, committed 22144K, reserved 1048576K
}
Event: 3425.714 GC heap before
{Heap before GC invocations=2710 (full 213):
 garbage-first heap   total 280576K, used 229457K [0x0000000084400000, 0x0000000100000000)
  region size 1024K, 126 young (129024K), 4 survivors (4096K)
 Metaspace       used 172625K, committed 177088K, reserved 1204224K
  class space    used 19731K, committed 22144K, reserved 1048576K
}
Event: 3425.725 GC heap after
{Heap after GC invocations=2711 (full 213):
 garbage-first heap   total 280576K, used 107261K [0x0000000084400000, 0x0000000100000000)
  region size 1024K, 7 young (7168K), 7 survivors (7168K)
 Metaspace       used 172625K, committed 177088K, reserved 1204224K
  class space    used 19731K, committed 22144K, reserved 1048576K
}
Event: 3428.452 GC heap before
{Heap before GC invocations=2711 (full 213):
 garbage-first heap   total 280576K, used 231165K [0x0000000084400000, 0x0000000100000000)
  region size 1024K, 128 young (131072K), 7 survivors (7168K)
 Metaspace       used 172625K, committed 177088K, reserved 1204224K
  class space    used 19731K, committed 22144K, reserved 1048576K
}
Event: 3428.471 GC heap after
{Heap after GC invocations=2712 (full 213):
 garbage-first heap   total 280576K, used 109778K [0x0000000084400000, 0x0000000100000000)
  region size 1024K, 9 young (9216K), 9 survivors (9216K)
 Metaspace       used 172625K, committed 177088K, reserved 1204224K
  class space    used 19731K, committed 22144K, reserved 1048576K
}
Event: 3430.642 GC heap before
{Heap before GC invocations=2712 (full 213):
 garbage-first heap   total 280576K, used 233682K [0x0000000084400000, 0x0000000100000000)
  region size 1024K, 130 young (133120K), 9 survivors (9216K)
 Metaspace       used 172625K, committed 177088K, reserved 1204224K
  class space    used 19731K, committed 22144K, reserved 1048576K
}
Event: 3430.657 GC heap after
{Heap after GC invocations=2713 (full 213):
 garbage-first heap   total 280576K, used 112482K [0x0000000084400000, 0x0000000100000000)
  region size 1024K, 12 young (12288K), 12 survivors (12288K)
 Metaspace       used 172625K, committed 177088K, reserved 1204224K
  class space    used 19731K, committed 22144K, reserved 1048576K
}
Event: 3431.777 GC heap before
{Heap before GC invocations=2713 (full 213):
 garbage-first heap   total 280576K, used 234338K [0x0000000084400000, 0x0000000100000000)
  region size 1024K, 131 young (134144K), 12 survivors (12288K)
 Metaspace       used 172625K, committed 177088K, reserved 1204224K
  class space    used 19731K, committed 22144K, reserved 1048576K
}
Event: 3431.807 GC heap after
{Heap after GC invocations=2714 (full 213):
 garbage-first heap   total 280576K, used 115198K [0x0000000084400000, 0x0000000100000000)
  region size 1024K, 11 young (11264K), 11 survivors (11264K)
 Metaspace       used 172625K, committed 177088K, reserved 1204224K
  class space    used 19731K, committed 22144K, reserved 1048576K
}
Event: 3433.171 GC heap before
{Heap before GC invocations=2714 (full 213):
 garbage-first heap   total 280576K, used 236030K [0x0000000084400000, 0x0000000100000000)
  region size 1024K, 129 young (132096K), 11 survivors (11264K)
 Metaspace       used 172664K, committed 177088K, reserved 1204224K
  class space    used 19733K, committed 22144K, reserved 1048576K
}

